proguard/mapping.txt
com.pbstudio.circleprogress.CircleProgressBar -> com.pbstudio.circleprogress.CircleProgressBar:
    com.pbstudio.circleprogress.CircleProgressBarInner mProgressBar -> a
    android.widget.ImageView mAnimView -> b
    android.view.animation.Animation mRotateAnimation -> c
    void init(android.content.Context) -> a
    void setProgress(int) -> a
    void setMaxProgress$13462e() -> a
    void setProgressNotInUiThread(int) -> b
    void startAnimation() -> b
    void stopAnimation() -> c
com.pbstudio.circleprogress.CircleProgressBarInner -> com.pbstudio.circleprogress.a:
    int maxProgress -> c
    int progress -> d
    int progressStrokeWidth -> e
    android.graphics.Bitmap innerAnimBitmap -> f
    android.graphics.Matrix mCircleMatrix -> g
    android.graphics.RectF oval -> a
    android.graphics.Paint paint -> b
    void onDraw(android.graphics.Canvas) -> onDraw
    void setMaxProgress$13462e() -> a
    void setProgress(int) -> a
    void setProgressNotInUiThread(int) -> b
com.pbstudio.circleprogress.MainActivity -> com.pbstudio.circleprogress.MainActivity:
    com.pbstudio.circleprogress.CircleProgressBar progressBar -> a
    int progress -> b
    android.os.Handler mHandler -> c
    void onCreate(android.os.Bundle) -> onCreate
    boolean onCreateOptionsMenu(android.view.Menu) -> onCreateOptionsMenu
    void onAdd(android.view.View) -> onAdd
    void onSub(android.view.View) -> onSub
    android.os.Handler access$0(com.pbstudio.circleprogress.MainActivity) -> a
com.pbstudio.circleprogress.MainActivity$1 -> com.pbstudio.circleprogress.b:
    com.pbstudio.circleprogress.MainActivity this$0 -> a
    void handleMessage(android.os.Message) -> handleMessage
com.pbstudio.circleprogress.MainActivity$2 -> com.pbstudio.circleprogress.c:
    com.pbstudio.circleprogress.MainActivity this$0 -> a
    void run() -> run
...
android.support.v4.view.ViewPager$Decor -> android.support.v4.view.bh:
android.support.v4.view.ViewPager$ItemInfo -> android.support.v4.view.bi:
    java.lang.Object object -> a
    int position -> b
    boolean scrolling -> c
    float widthFactor -> d
    float offset -> e
android.support.v4.view.ViewPager$LayoutParams -> android.support.v4.view.ViewPager$LayoutParams:
    boolean isDecor -> a
    int gravity -> b
    float widthFactor -> c
    boolean needsMeasure -> d
    int position -> e
    int childIndex -> f
android.support.v4.view.ViewPager$MyAccessibilityDelegate -> android.support.v4.view.bj:
    android.support.v4.view.ViewPager this$0 -> b
    void onInitializeAccessibilityEvent(android.view.View,android.view.accessibility.AccessibilityEvent) -> d
    void onInitializeAccessibilityNodeInfo(android.view.View,android.support.v4.view.accessibility.AccessibilityNodeInfoCompat) -> a
    boolean performAccessibilityAction(android.view.View,int,android.os.Bundle) -> a
android.support.v4.view.ViewPager$OnAdapterChangeListener -> android.support.v4.view.bk:
android.support.v4.view.ViewPager$OnPageChangeListener -> android.support.v4.view.bl:
    void onPageScrolled$486775f1(int,float) -> a
    void onPageSelected$13462e() -> a
    void onPageScrollStateChanged(int) -> a
android.support.v4.view.ViewPager$PageTransformer -> android.support.v4.view.bm:
android.support.v4.view.ViewPager$SavedState -> android.support.v4.view.ViewPager$SavedState:
    int position -> a
    android.os.Parcelable adapterState -> b
    java.lang.ClassLoader loader -> c
    android.os.Parcelable$Creator CREATOR -> CREATOR
    void writeToParcel(android.os.Parcel,int) -> writeToParcel
    java.lang.String toString() -> toString
android.support.v4.view.ViewPager$SavedState$1 -> android.support.v4.view.bn:
    java.lang.Object[] newArray(int) -> a
    java.lang.Object createFromParcel(android.os.Parcel,java.lang.ClassLoader) -> a
android.support.v4.view.ViewPager$ViewPositionComparator -> android.support.v4.view.bo:
    int compare(java.lang.Object,java.lang.Object) -> compare
android.support.v4.view.accessibility.AccessibilityNodeInfoCompat -> android.support.v4.view.a.a:
    android.support.v4.view.accessibility.AccessibilityNodeInfoCompat$AccessibilityNodeInfoImpl IMPL -> a
    java.lang.Object mInfo -> b
    java.lang.Object getInfo() -> a
    android.support.v4.view.accessibility.AccessibilityNodeInfoCompat obtain(android.support.v4.view.accessibility.AccessibilityNodeInfoCompat) -> a
    void setSource(android.view.View) -> a
    void addChild(android.view.View) -> b
    int getActions() -> b
    void addAction(int) -> a
    void setParent(android.view.View) -> c
    void getBoundsInParent(android.graphics.Rect) -> a
    void setBoundsInParent(android.graphics.Rect) -> b
    void getBoundsInScreen(android.graphics.Rect) -> c
    void setBoundsInScreen(android.graphics.Rect) -> d
    boolean isFocusable() -> c
    void setFocusable(boolean) -> a
    boolean isFocused() -> d
    void setFocused(boolean) -> b
    boolean isVisibleToUser() -> e
    void setVisibleToUser(boolean) -> c
    boolean isAccessibilityFocused() -> f
    void setAccessibilityFocused(boolean) -> d
    boolean isSelected() -> g
    void setSelected(boolean) -> e
    boolean isClickable() -> h
    void setClickable(boolean) -> f
    boolean isLongClickable() -> i
    void setLongClickable(boolean) -> g
    boolean isEnabled() -> j
    void setEnabled(boolean) -> h
    void setScrollable(boolean) -> i
    java.lang.CharSequence getPackageName() -> k